PdfiumAndroid/build/outputs/mapping/release/seeds.txt
com.shockwave.pdfium.R$styleable
com.shockwave.pdfium.R$integer
com.shockwave.pdfium.R$dimen
com.shockwave.pdfium.R$id
com.shockwave.pdfium.util.Size
com.shockwave.pdfium.PdfiumCore
com.shockwave.pdfium.R$drawable
com.shockwave.pdfium.R$string
com.shockwave.pdfium.R$layout
com.shockwave.pdfium.PdfDocument$Link
com.shockwave.pdfium.R$color
com.shockwave.pdfium.R
com.shockwave.pdfium.R$style
com.shockwave.pdfium.PdfDocument
com.shockwave.pdfium.R$attr
com.shockwave.pdfium.PdfDocument$Bookmark
com.shockwave.pdfium.BuildConfig
com.shockwave.pdfium.PdfPasswordException
com.shockwave.pdfium.PdfDocument$Meta
com.shockwave.pdfium.util.SizeF
com.shockwave.pdfium.R$id: int tag_transition_group
com.shockwave.pdfium.R$styleable: int GradientColor_android_centerY
com.shockwave.pdfium.R$drawable: int notification_bg
com.shockwave.pdfium.R$color: int secondary_text_default_material_dark
com.shockwave.pdfium.R$styleable: int FontFamilyFont_ttcIndex
com.shockwave.pdfium.PdfiumCore: java.lang.Class FD_CLASS
com.shockwave.pdfium.R$id: int action_text
com.shockwave.pdfium.R$styleable: int FontFamily_fontProviderCerts
com.shockwave.pdfium.R$styleable: int[] CoordinatorLayout
com.shockwave.pdfium.R$dimen: int notification_big_circle_margin
com.shockwave.pdfium.R$styleable: int FontFamily_fontProviderQuery
com.shockwave.pdfium.R$styleable: int CoordinatorLayout_Layout_layout_anchorGravity
com.shockwave.pdfium.R$id: int chronometer
com.shockwave.pdfium.R$drawable: int notification_bg_low_normal
com.shockwave.pdfium.R$dimen: int compat_button_padding_vertical_material
com.shockwave.pdfium.R$id: int notification_main_column_container
com.shockwave.pdfium.PdfDocument$Link: java.lang.Integer destPageIdx
com.shockwave.pdfium.R$id: int info
com.shockwave.pdfium.R$layout: int notification_template_media_custom
com.shockwave.pdfium.R$layout: int notification_media_action
com.shockwave.pdfium.BuildConfig: java.lang.String LIBRARY_PACKAGE_NAME
com.shockwave.pdfium.R$styleable: int GradientColor_android_centerColor
com.shockwave.pdfium.R$attr: int fontProviderFetchStrategy
com.shockwave.pdfium.R$styleable: int GradientColor_android_type
com.shockwave.pdfium.R$drawable: int notification_bg_normal
com.shockwave.pdfium.R$dimen: int notification_top_pad
com.shockwave.pdfium.R$styleable: int CoordinatorLayout_keylines
com.shockwave.pdfium.BuildConfig: boolean DEBUG
com.shockwave.pdfium.R$id: int action_divider
com.shockwave.pdfium.R$string: int status_bar_notification_info_overflow
com.shockwave.pdfium.R$styleable: int GradientColor_android_startX
com.shockwave.pdfium.R$id: int action0
com.shockwave.pdfium.R$attr: int ttcIndex
com.shockwave.pdfium.R$id: int line1
com.shockwave.pdfium.R$layout: int notification_action_tombstone
com.shockwave.pdfium.R$id: int end
com.shockwave.pdfium.R$id: int left
com.shockwave.pdfium.R$color: int notification_action_color_filter
com.shockwave.pdfium.R$styleable: int CoordinatorLayout_Layout_layout_dodgeInsetEdges
com.shockwave.pdfium.PdfDocument: android.os.ParcelFileDescriptor parcelFileDescriptor
com.shockwave.pdfium.R$styleable: int[] GradientColorItem
com.shockwave.pdfium.R$styleable: int GradientColor_android_gradientRadius
com.shockwave.pdfium.R$style: int TextAppearance_Compat_Notification_Info_Media
com.shockwave.pdfium.R$styleable: int GradientColor_android_centerX
com.shockwave.pdfium.R$styleable: int FontFamily_fontProviderFetchStrategy
com.shockwave.pdfium.R$dimen: int notification_right_icon_size
com.shockwave.pdfium.R$styleable: int CoordinatorLayout_statusBarBackground
com.shockwave.pdfium.R$styleable: int FontFamilyFont_font
com.shockwave.pdfium.R$attr: int layout_insetEdge
com.shockwave.pdfium.PdfiumCore: java.lang.reflect.Field mFdField
com.shockwave.pdfium.R$layout: int notification_template_media
com.shockwave.pdfium.R$color: int secondary_text_default_material_light
com.shockwave.pdfium.R$attr: int fontProviderPackage